1152
343.120
342.990
343.120
343.120
343.120
343.120
342.776
342.776
338.201
340.052
343.120
337.496
332.481
336.355
331.664
330.846
330.030
329.214
328.394
327.575
326.524
326.669
326.961
326.382
326.427
326.030
326.014
325.999
325.983
325.968
325.938
325.938
343.120
342.990
343.120
343.120
343.120
343.120
342.776
342.776
338.201
340.052
343.120
337.496
332.481
336.355
331.664
330.846
330.030
329.214
328.394
327.575
326.524
326.669
326.961
326.382
326.427
326.030
326.014
325.999
325.983
325.968
325.938
325.938
343.120
342.990
343.120
343.120
343.120
343.120
342.776
342.776
338.201
340.052
343.120
337.496
332.481
336.355
331.664
330.846
330.030
329.214
328.394
327.575
326.524
326.669
326.961
326.382
326.427
326.030
326.014
325.999
325.983
325.968
325.938
325.938
343.120
342.990
343.120
343.120
343.120
343.120
342.776
342.776
338.201
340.052
343.120
337.496
332.481
336.355
331.664
330.846
330.030
329.214
328.394
327.575
326.524
326.669
326.961
326.382
326.427
326.030
326.014
325.999
325.983
325.968
325.938
325.938
343.120
342.990
343.120
343.120
343.120
343.120
342.776
342.776
338.201
340.052
343.120
337.496
332.481
336.355
331.664
330.846
330.030
329.214
328.394
327.575
326.524
326.669
326.961
326.382
326.427
326.030
326.014
325.999
325.983
325.968
325.938
325.938
343.120
342.990
343.120
343.120
343.120
343.120
342.776
342.776
338.201
340.052
343.120
337.496
332.481
336.355
331.664
330.846
330.030
329.214
328.394
327.575
326.524
326.669
326.961
326.382
326.427
326.030
326.014
325.999
325.983
325.968
325.938
325.938
343.120
342.990
343.120
343.120
343.120
343.120
342.776
342.776
338.201
340.052
343.120
337.496
332.481
336.355
331.664
330.846
330.030
329.214
328.394
327.575
326.524
326.669
326.961
326.382
326.427
326.030
326.014
325.999
325.983
325.968
325.938
325.938
343.120
342.990
343.120
343.120
343.120
343.120
342.776
342.776
338.201
340.052
343.120
337.496
332.481
336.355
331.664
330.846
330.030
329.214
328.394
327.575
326.524
326.669
326.961
326.382
326.427
326.030
326.014
325.999
325.983
325.968
325.938
325.938
343.120
342.990
343.120
343.120
343.120
343.120
342.776
342.776
338.201
340.052
343.120
337.496
332.481
336.355
331.664
330.846
330.030
329.214
328.394
327.575
326.524
326.669
326.961
326.382
326.427
326.030
326.014
325.999
325.983
325.968
325.938
325.938
343.120
342.990
343.120
343.120
343.120
343.120
342.776
342.776
338.201
340.052
343.120
337.496
332.481
336.355
331.664
330.846
330.030
329.214
328.394
327.575
326.524
326.669
326.961
326.382
326.427
326.030
326.014
325.999
325.983
325.968
325.938
325.938
343.120
342.990
343.120
343.120
343.120
343.120
342.776
342.776
338.201
340.052
343.120
337.496
332.481
336.355
331.664
330.846
330.030
329.214
328.394
327.575
326.524
326.669
326.961
326.382
326.427
326.030
326.014
325.999
325.983
325.968
325.938
325.938
343.120
342.990
343.120
343.120
343.120
343.120
342.776
342.776
338.201
340.052
343.120
337.496
332.481
336.355
331.664
330.846
330.030
329.214
328.394
327.575
326.524
326.669
326.961
326.382
326.427
326.030
326.014
325.999
325.983
325.968
325.938
325.938
343.120
342.990
343.120
343.120
343.120
343.120
342.776
342.776
338.201
340.052
343.120
337.496
332.481
336.355
331.664
330.846
330.030
329.214
328.394
327.575
326.524
326.669
326.961
326.382
326.427
326.030
326.014
325.999
325.983
325.968
325.938
325.938
343.120
342.990
343.120
343.120
343.120
343.120
342.776
342.776
338.201
340.052
343.120
337.496
332.481
336.355
331.664
330.846
330.030
329.214
328.394
327.575
326.524
326.669
326.961
326.382
326.427
326.030
326.014
325.999
325.983
325.968
325.938
325.938
343.120
342.990
343.120
343.120
343.120
343.120
342.776
342.776
338.201
340.052
343.120
337.496
332.481
336.355
331.664
330.846
330.030
329.214
328.394
327.575
326.524
326.669
326.961
326.382
326.427
326.030
326.014
325.999
325.983
325.968
325.938
325.938
343.120
342.990
343.120
343.120
343.120
343.120
342.776
342.776
338.201
340.052
343.120
337.496
332.481
336.355
331.664
330.846
330.030
329.214
328.394
327.575
326.524
326.669
326.961
326.382
326.427
326.030
326.014
325.999
325.983
325.968
325.938
325.938
343.120
342.990
343.120
343.120
343.120
343.120
342.776
342.776
338.201
340.052
343.120
337.496
332.481
336.355
331.664
330.846
330.030
329.214
328.394
327.575
326.524
326.669
326.961
326.382
326.427
326.030
326.014
325.999
325.983
325.968
325.938
325.938
343.120
342.990
343.120
343.120
343.120
343.120
342.776
342.776
338.201
340.052
343.120
337.496
332.481
336.355
331.664
330.846
330.030
329.214
328.394
327.575
326.524
326.669
326.961
326.382
326.427
326.030
326.014
325.999
325.983
325.968
325.938
325.938
343.120
342.990
343.120
343.120
343.120
343.120
342.776
342.776
338.201
340.052
343.120
337.496
332.481
336.355
331.664
330.846
330.030
329.214
328.394
327.575
326.524
326.669
326.961
326.382
326.427
326.030
326.014
325.999
325.983
325.968
325.938
325.938
343.120
342.990
343.120
343.120
343.120
343.120
342.776
342.776
338.201
340.052
343.120
337.496
332.481
336.355
331.664
330.846
330.030
329.214
328.394
327.575
326.524
326.669
326.961
326.382
326.427
326.030
326.014
325.999
325.983
325.968
325.938
325.938
343.120
342.990
343.120
343.120
343.120
343.120
342.776
342.776
338.201
340.052
343.120
337.496
332.481
336.355
331.664
330.846
330.030
329.214
328.394
327.575
326.524
326.669
326.961
326.382
326.427
326.030
326.014
325.999
325.983
325.968
325.938
325.938
343.120
342.990
343.120
343.120
343.120
343.120
342.776
342.776
338.201
340.052
343.120
337.496
332.481
336.355
331.664
330.846
330.030
329.214
328.394
327.575
326.524
326.669
326.961
326.382
326.427
326.030
326.014
325.999
325.983
325.968
325.938
325.938
343.120
342.990
343.120
343.120
343.120
343.120
342.776
342.776
338.201
340.052
343.120
337.496
332.481
336.355
331.664
330.846
330.030
329.214
328.394
327.575
326.524
326.669
326.961
326.382
326.427
326.030
326.014
325.999
325.983
325.968
325.938
325.938
343.120
342.990
343.120
343.120
343.120
343.120
342.776
342.776
338.201
340.052
343.120
337.496
332.481
336.355
331.664
330.846
330.030
329.214
328.394
327.575
326.524
326.669
326.961
326.382
326.427
326.030
326.014
325.999
325.983
325.968
325.938
325.938
343.120
342.990
343.120
343.120
343.120
343.120
342.776
342.776
338.201
340.052
343.120
337.496
332.481
336.355
331.664
330.846
330.030
329.214
328.394
327.575
326.524
326.669
326.961
326.382
326.427
326.030
326.014
325.999
325.983
325.968
325.938
325.938
343.120
342.990
343.120
343.120
343.120
343.120
342.776
342.776
338.201
340.052
343.120
337.496
332.481
336.355
331.664
330.846
330.030
329.214
328.394
327.575
326.524
326.669
326.961
326.382
326.427
326.030
326.014
325.999
325.983
325.968
325.938
325.938
343.120
342.990
343.120
343.120
343.120
343.120
342.776
342.776
338.201
340.052
343.120
337.496
332.481
336.355
331.664
330.846
330.030
329.214
328.394
327.575
326.524
326.669
326.961
326.382
326.427
326.030
326.014
325.999
325.983
325.968
325.938
325.938
343.120
342.990
343.120
343.120
343.120
343.120
342.776
342.776
338.201
340.052
343.120
337.496
332.481
336.355
331.664
330.846
330.030
329.214
328.394
327.575
326.524
326.669
326.961
326.382
326.427
326.030
326.014
325.999
325.983
325.968
325.938
325.938
343.120
342.990
343.120
343.120
343.120
343.120
342.776
342.776
338.201
340.052
343.120
337.496
332.481
336.355
331.664
330.846
330.030
329.214
328.394
327.575
326.524
326.669
326.961
326.382
326.427
326.030
326.014
325.999
325.983
325.968
325.938
325.938
343.120
342.990
343.120
343.120
343.120
343.120
342.776
342.776
338.201
340.052
343.120
337.496
332.481
336.355
331.664
330.846
330.030
329.214
328.394
327.575
326.524
326.669
326.961
326.382
326.427
326.030
326.014
325.999
325.983
325.968
325.938
325.938
343.120
342.990
343.120
343.120
343.120
343.120
342.776
342.776
338.201
340.052
343.120
337.496
332.481
336.355
331.664
330.846
330.030
329.214
328.394
327.575
326.524
326.669
326.961
326.382
326.427
326.030
326.014
325.999
325.983
325.968
325.938
325.938
343.120
342.990
343.120
343.120
343.120
343.120
342.776
342.776
338.201
340.052
343.120
337.496
332.481
336.355
331.664
330.846
330.030
329.214
328.394
327.575
326.524
326.669
326.961
326.382
326.427
326.030
326.014
325.999
325.983
325.968
325.938
325.938
343.120
342.990
343.120
343.120
343.120
343.120
342.776
342.776
338.201
340.052
343.120
337.496
332.481
336.355
331.664
330.846
330.030
329.214
328.394
327.575
326.524
326.669
326.961
326.382
326.427
326.030
326.014
325.999
325.983
325.968
325.938
325.938
343.120
342.990
343.120
343.120
343.120
343.120
342.776
342.776
338.201
340.052
343.120
337.496
332.481
336.355
331.664
330.846
330.030
329.214
328.394
327.575
326.524
326.669
326.961
326.382
326.427
326.030
326.014
325.999
325.983
325.968
325.938
325.938
343.120
342.990
343.120
343.120
343.120
343.120
342.776
342.776
338.201
340.052
343.120
337.496
332.481
336.355
331.664
330.846
330.030
329.214
328.394
327.575
326.524
326.669
326.961
326.382
326.427
326.030
326.014
325.999
325.983
325.968
325.938
325.938
343.120
342.990
343.120
343.120
343.120
343.120
342.776
342.776
338.201
340.052
343.120
337.496
332.481
336.355
331.664
330.846
330.030
329.214
328.394
327.575
326.524
326.669
326.961
326.382
326.427
326.030
326.014
325.999
325.983
325.968
325.938
325.938
