345.966 7.4e-02
345.951 7.4e-02
345.830 7.4e-02
345.436 7.4e-02
345.436 7.4e-02
345.426 7.4e-02
345.426 7.4e-02
343.533 7.4e-02
343.345 7.4e-02
343.633 7.4e-02
345.411 7.4e-02
345.384 7.4e-02
345.326 7.4e-02
343.196 7.4e-02
343.726 7.4e-02
343.926 7.4e-02
345.362 7.4e-02
345.346 7.4e-02
343.946 7.4e-02
345.302 7.4e-02
345.149 7.4e-02
345.006 7.4e-02
342.283 7.4e-02
342.380 7.4e-02
343.048 7.4e-02
342.959 7.4e-02
345.006 7.4e-02
344.998 7.4e-02
342.172 7.4e-02
342.085 7.4e-02
342.841 7.4e-02
342.908 7.4e-02
344.910 7.4e-02
344.254 7.4e-02
341.814 7.4e-02
341.666 7.4e-02
341.581 7.4e-02
341.520 7.4e-02
341.486 7.4e-02
341.437 7.4e-02
341.404 7.4e-02
341.300 7.4e-02
341.236 7.4e-02
343.851 7.4e-02
344.141 7.4e-02
343.956 7.4e-02
343.946 7.4e-02
343.550 7.4e-02
343.372 7.4e-02
341.236 7.4e-02
341.236 7.4e-02
339.281 7.4e-02
343.565 7.4e-02
343.641 7.4e-02
343.612 7.4e-02
343.729 7.4e-02
343.056 7.4e-02
343.056 7.4e-02
343.056 7.4e-02
342.528 7.4e-02
339.636 7.4e-02
339.626 7.4e-02
339.620 7.4e-02
342.502 7.4e-02
341.226 7.4e-02
339.284 7.4e-02
339.306 7.4e-02
339.378 7.4e-02
339.394 7.4e-02
343.052 7.4e-02
343.052 7.4e-02
342.936 7.4e-02
342.566 7.4e-02
342.566 7.4e-02
339.664 7.4e-02
339.513 7.4e-02
339.523 7.4e-02
339.944 7.4e-02
340.101 7.4e-02
340.126 7.4e-02
340.126 7.4e-02
342.330 7.4e-02
341.217 7.4e-02
341.386 7.4e-02
339.442 7.4e-02
339.468 7.4e-02
339.475 7.4e-02
339.305 7.4e-02
338.606 7.4e-02
338.752 7.4e-02
339.009 7.4e-02
340.876 7.4e-02
340.855 7.4e-02
340.690 7.4e-02
340.506 7.4e-02
340.350 7.4e-02
340.136 7.4e-02
340.136 7.4e-02
340.136 7.4e-02
341.386 7.4e-02
340.893 7.4e-02
340.896 7.4e-02
338.112 7.4e-02
338.346 7.4e-02
338.179 7.4e-02
338.206 7.4e-02
338.212 7.4e-02
338.226 7.4e-02
